<?xml version="1.0" encoding="UTF-8"?>
<!-- Generated by org.testng.reporters.JUnitReportReporter -->
<testsuite skipped="0" hostname="Shivansh-PC" name="testcase.DropdownNotUnderSelectTag" tests="1" failures="0" timestamp="10 May 2022 02:41:34 GMT" time="23.273" errors="0">
  <testcase name="main" time="23.273" classname="testcase.DropdownNotUnderSelectTag"/>
</testsuite> <!-- testcase.DropdownNotUnderSelectTag -->
