<?xml version="1.0" encoding="UTF-8"?>
<!-- Generated by org.testng.reporters.JUnitReportReporter -->
<testsuite skipped="0" hostname="Shivansh-PC" name="testcase.LicLogin" tests="1" failures="0" timestamp="10 May 2022 01:51:48 GMT" time="171.871" errors="0">
  <testcase name="licLogin" time="171.871" classname="testcase.LicLogin"/>
</testsuite> <!-- testcase.LicLogin -->
