<?xml version="1.0" encoding="UTF-8"?>
<!-- Generated by org.testng.reporters.JUnitReportReporter -->
<testsuite skipped="0" hostname="Shivansh-PC" name="testcase.DropdownNotUnderSelectTag" tests="1" failures="0" timestamp="08 May 2022 03:34:47 GMT" time="19.393" errors="0">
  <testcase name="main" time="19.393" classname="testcase.DropdownNotUnderSelectTag"/>
</testsuite> <!-- testcase.DropdownNotUnderSelectTag -->
