<?xml version="1.0" encoding="UTF-8"?>
<!-- Generated by org.testng.reporters.JUnitReportReporter -->
<testsuite skipped="0" hostname="Shivansh-PC" name="testcase.ExecuteTestInGroup" tests="5" failures="0" timestamp="07 May 2022 02:51:56 GMT" time="0.034" errors="0">
  <testcase name="fifth" time="0.021" classname="testcase.ExecuteTestInGroup"/>
  <testcase name="first" time="0.003" classname="testcase.ExecuteTestInGroup"/>
  <testcase name="second" time="0.003" classname="testcase.ExecuteTestInGroup"/>
  <testcase name="third" time="0.004" classname="testcase.ExecuteTestInGroup"/>
  <testcase name="fourth" time="0.003" classname="testcase.ExecuteTestInGroup"/>
</testsuite> <!-- testcase.ExecuteTestInGroup -->
