<?xml version="1.0" encoding="UTF-8"?>
<!-- Generated by org.testng.reporters.JUnitReportReporter -->
<testsuite skipped="0" hostname="Shivansh-PC" name="testcase.LogginDemo" tests="1" failures="0" timestamp="07 May 2022 15:32:52 GMT" time="0.017" errors="0">
  <testcase name="main" time="0.017" classname="testcase.LogginDemo"/>
</testsuite> <!-- testcase.LogginDemo -->
