<?xml version="1.0" encoding="UTF-8"?>
<!-- Generated by org.testng.reporters.JUnitReportReporter -->
<testsuite skipped="0" hostname="Shivansh-PC" name="testcase.DataP" tests="3" failures="0" timestamp="07 May 2022 02:17:55 GMT" time="44.907" errors="0">
  <testcase name="verifyLoginByUsingMultipleUsers" time="13.004" classname="testcase.DataP"/>
  <testcase name="verifyLoginByUsingMultipleUsers" time="14.210" classname="testcase.DataP"/>
  <testcase name="verifyLoginByUsingMultipleUsers" time="17.693" classname="testcase.DataP"/>
</testsuite> <!-- testcase.DataP -->
