<?xml version="1.0" encoding="UTF-8"?>
<!-- Generated by org.testng.reporters.JUnitReportReporter -->
<testsuite skipped="0" hostname="Shivansh-PC" name="testcase.LicLogin" tests="1" failures="0" timestamp="08 May 2022 03:30:50 GMT" time="44.888" errors="0">
  <testcase name="licLogin" time="44.888" classname="testcase.LicLogin"/>
</testsuite> <!-- testcase.LicLogin -->
